[debug] [2020-10-08T14:30:03.202Z] ----------------------------------------------------------------------
[debug] [2020-10-08T14:30:03.204Z] Command:       C:\Program Files\nodejs\node.exe C:\Users\allan\AppData\Roaming\npm\node_modules\firebase-tools\lib\bin\firebase.js emulators:start
[debug] [2020-10-08T14:30:03.204Z] CLI Version:   8.12.0
[debug] [2020-10-08T14:30:03.204Z] Platform:      win32
[debug] [2020-10-08T14:30:03.204Z] Node Version:  v12.13.1
[debug] [2020-10-08T14:30:03.205Z] Time:          Thu Oct 08 2020 16:30:03 GMT+0200 (Central European Summer Time)
[debug] [2020-10-08T14:30:03.205Z] ----------------------------------------------------------------------
[debug] [2020-10-08T14:30:03.205Z] 
[debug] [2020-10-08T14:30:03.213Z] > command requires scopes: ["email","openid","https://www.googleapis.com/auth/cloudplatformprojects.readonly","https://www.googleapis.com/auth/firebase","https://www.googleapis.com/auth/cloud-platform"]
[debug] [2020-10-08T14:30:03.214Z] > authorizing via signed-in user
[info] i  emulators: Starting emulators: functions, hosting {"metadata":{"emulator":{"name":"hub"},"message":"Starting emulators: functions, hosting"}}
[debug] [2020-10-08T14:30:05.240Z] [hub] writing locator at C:\Users\allan\AppData\Local\Temp\hub-akatale-2692f.json
[warn] !  functions: The following emulators are not running, calls to these services from the Functions emulator will affect production: auth, firestore, database, pubsub {"metadata":{"emulator":{"name":"functions"},"message":"The following emulators are not running, calls to these services from the Functions emulator will affect production: \u001b[1mauth, firestore, database, pubsub\u001b[22m"}}
[warn] !  Your requested "node" version "10" doesn't match your global version "12" {"metadata":{"emulator":{"name":"functions"},"message":"Your requested \"node\" version \"10\" doesn't match your global version \"12\""}}
[debug] [2020-10-08T14:30:07.275Z] defaultcredentials: writing to file C:\Users\allan\AppData\Roaming\firebase\akanyijuka_gmail_com_application_default_credentials.json
[debug] [2020-10-08T14:30:07.278Z] Setting GAC to C:\Users\allan\AppData\Roaming\firebase\akanyijuka_gmail_com_application_default_credentials.json {"metadata":{"emulator":{"name":"functions"},"message":"Setting GAC to C:\\Users\\allan\\AppData\\Roaming\\firebase\\akanyijuka_gmail_com_application_default_credentials.json"}}
[debug] [2020-10-08T14:30:09.291Z] >>> HTTP REQUEST GET https://firebase.googleapis.com/v1beta1/projects/akatale-2692f/webApps/-/config  
 
[debug] [2020-10-08T14:30:10.088Z] <<< HTTP RESPONSE 200 {"content-type":"application/json; charset=UTF-8","vary":"X-Origin, Referer, Origin,Accept-Encoding","date":"Thu, 08 Oct 2020 14:30:11 GMT","server":"ESF","cache-control":"private","x-xss-protection":"0","x-frame-options":"SAMEORIGIN","x-content-type-options":"nosniff","alt-svc":"h3-Q050=\":443\"; ma=2592000,h3-29=\":443\"; ma=2592000,h3-27=\":443\"; ma=2592000,h3-T051=\":443\"; ma=2592000,h3-T050=\":443\"; ma=2592000,h3-Q046=\":443\"; ma=2592000,h3-Q043=\":443\"; ma=2592000,quic=\":443\"; ma=2592000; v=\"46,43\"","accept-ranges":"none","transfer-encoding":"chunked"}
[info] i  hosting: Serving hosting files from: build {"metadata":{"emulator":{"name":"hosting"},"message":"Serving hosting files from: \u001b[1mbuild\u001b[22m"}}
[info] +  hosting: Local server: http://localhost:5000 {"metadata":{"emulator":{"name":"hosting"},"message":"Local server: \u001b[4m\u001b[1mhttp://localhost:5000\u001b[22m\u001b[24m"}}
[info] i  ui: downloading ui-v1.1.1.zip... {"metadata":{"emulator":{"name":"ui"},"message":"downloading ui-v1.1.1.zip..."}}
[debug] [2020-10-08T14:30:21.507Z] Ignoring unsupported arg: auto_download {"metadata":{"emulator":{"name":"ui"},"message":"Ignoring unsupported arg: auto_download"}}
[debug] [2020-10-08T14:30:21.508Z] Ignoring unsupported arg: port {"metadata":{"emulator":{"name":"ui"},"message":"Ignoring unsupported arg: port"}}
[debug] [2020-10-08T14:30:21.508Z] Starting Emulator UI with command {"binary":"node","args":["C:\\Users\\allan\\.cache\\firebase\\emulators\\ui-v1.1.1\\server.bundle.js"],"optionalArgs":[],"joinArgs":false} {"metadata":{"emulator":{"name":"ui"},"message":"Starting Emulator UI with command {\"binary\":\"node\",\"args\":[\"C:\\\\Users\\\\allan\\\\.cache\\\\firebase\\\\emulators\\\\ui-v1.1.1\\\\server.bundle.js\"],\"optionalArgs\":[],\"joinArgs\":false}"}}
[info] i  ui: Emulator UI logging to ui-debug.log {"metadata":{"emulator":{"name":"ui"},"message":"Emulator UI logging to \u001b[1mui-debug.log\u001b[22m"}}
[debug] [2020-10-08T14:30:21.629Z] Web / API server started at http://localhost:4000
 {"metadata":{"emulator":{"name":"ui"},"message":"Web / API server started at http://localhost:4000\n"}}
[info] i  functions: Watching "C:\Users\allan\Documents\Github\akatale\app\functions" for Cloud Functions... {"metadata":{"emulator":{"name":"functions"},"message":"Watching \"C:\\Users\\allan\\Documents\\Github\\akatale\\app\\functions\" for Cloud Functions..."}}
[debug] [2020-10-08T14:30:22.031Z] [worker-pool] addWorker(~diagnostic~) {"metadata":{"emulator":{"name":"functions"},"message":"[worker-pool] addWorker(~diagnostic~)"}}
[debug] [2020-10-08T14:30:22.031Z] [worker-pool] Adding worker with key ~diagnostic~, total=1 {"metadata":{"emulator":{"name":"functions"},"message":"[worker-pool] Adding worker with key ~diagnostic~, total=1"}}
[debug] [2020-10-08T14:30:22.031Z] [worker-pool] submitWork(triggerId=) {"metadata":{"emulator":{"name":"functions"},"message":"[worker-pool] submitWork(triggerId=)"}}
[debug] [2020-10-08T14:30:22.031Z] [worker-~diagnostic~-f63f77dd-2351-4ddf-b502-e9b68adde28d]: Assigning socketPath: \\?\pipe\C:\Users\allan\Documents\Github\akatale\app\functions\21900 {"metadata":{"emulator":{"name":"functions"},"message":"[worker-~diagnostic~-f63f77dd-2351-4ddf-b502-e9b68adde28d]: Assigning socketPath: \\\\?\\pipe\\C:\\Users\\allan\\Documents\\Github\\akatale\\app\\functions\\21900"}}
[debug] [2020-10-08T14:30:22.032Z] [worker-~diagnostic~-f63f77dd-2351-4ddf-b502-e9b68adde28d]: BUSY {"metadata":{"emulator":{"name":"functions"},"message":"[worker-~diagnostic~-f63f77dd-2351-4ddf-b502-e9b68adde28d]: BUSY"}}
[debug] [2020-10-08T14:30:22.437Z] [runtime-status] [21900] Functions runtime initialized. {"cwd":"C:\\Users\\allan\\Documents\\Github\\akatale\\app\\functions","node_version":"12.13.1"} {"metadata":{"emulator":{"name":"functions"},"message":"[runtime-status] [21900] Functions runtime initialized. {\"cwd\":\"C:\\\\Users\\\\allan\\\\Documents\\\\Github\\\\akatale\\\\app\\\\functions\",\"node_version\":\"12.13.1\"}"}}
[debug] [2020-10-08T14:30:22.438Z] [runtime-status] [21900] Disabled runtime features: undefined {"metadata":{"emulator":{"name":"functions"},"message":"[runtime-status] [21900] Disabled runtime features: undefined"}}
[debug] [2020-10-08T14:30:22.441Z] [runtime-status] [21900] Resolved module firebase-admin {"declared":true,"installed":true,"version":"8.13.0","resolution":"C:\\Users\\allan\\Documents\\Github\\akatale\\app\\functions\\node_modules\\firebase-admin\\lib\\index.js"} {"metadata":{"emulator":{"name":"functions"},"message":"[runtime-status] [21900] Resolved module firebase-admin {\"declared\":true,\"installed\":true,\"version\":\"8.13.0\",\"resolution\":\"C:\\\\Users\\\\allan\\\\Documents\\\\Github\\\\akatale\\\\app\\\\functions\\\\node_modules\\\\firebase-admin\\\\lib\\\\index.js\"}"}}
[debug] [2020-10-08T14:30:22.442Z] [runtime-status] [21900] Resolved module firebase-functions {"declared":true,"installed":true,"version":"3.11.0","resolution":"C:\\Users\\allan\\Documents\\Github\\akatale\\app\\functions\\node_modules\\firebase-functions\\lib\\index.js"} {"metadata":{"emulator":{"name":"functions"},"message":"[runtime-status] [21900] Resolved module firebase-functions {\"declared\":true,\"installed\":true,\"version\":\"3.11.0\",\"resolution\":\"C:\\\\Users\\\\allan\\\\Documents\\\\Github\\\\akatale\\\\app\\\\functions\\\\node_modules\\\\firebase-functions\\\\lib\\\\index.js\"}"}}
[debug] [2020-10-08T14:30:22.443Z] [runtime-status] [21900] Resolved module firebase-functions {"declared":true,"installed":true,"version":"3.11.0","resolution":"C:\\Users\\allan\\Documents\\Github\\akatale\\app\\functions\\node_modules\\firebase-functions\\lib\\index.js"} {"metadata":{"emulator":{"name":"functions"},"message":"[runtime-status] [21900] Resolved module firebase-functions {\"declared\":true,\"installed\":true,\"version\":\"3.11.0\",\"resolution\":\"C:\\\\Users\\\\allan\\\\Documents\\\\Github\\\\akatale\\\\app\\\\functions\\\\node_modules\\\\firebase-functions\\\\lib\\\\index.js\"}"}}
[debug] [2020-10-08T14:30:22.445Z] [runtime-status] [21900] Outgoing network have been stubbed. [{"name":"http","status":"mocked"},{"name":"http","status":"mocked"},{"name":"https","status":"mocked"},{"name":"https","status":"mocked"},{"name":"net","status":"mocked"}] {"metadata":{"emulator":{"name":"functions"},"message":"[runtime-status] [21900] Outgoing network have been stubbed. [{\"name\":\"http\",\"status\":\"mocked\"},{\"name\":\"http\",\"status\":\"mocked\"},{\"name\":\"https\",\"status\":\"mocked\"},{\"name\":\"https\",\"status\":\"mocked\"},{\"name\":\"net\",\"status\":\"mocked\"}]"}}
[debug] [2020-10-08T14:30:22.445Z] [runtime-status] [21900] Resolved module firebase-functions {"declared":true,"installed":true,"version":"3.11.0","resolution":"C:\\Users\\allan\\Documents\\Github\\akatale\\app\\functions\\node_modules\\firebase-functions\\lib\\index.js"} {"metadata":{"emulator":{"name":"functions"},"message":"[runtime-status] [21900] Resolved module firebase-functions {\"declared\":true,\"installed\":true,\"version\":\"3.11.0\",\"resolution\":\"C:\\\\Users\\\\allan\\\\Documents\\\\Github\\\\akatale\\\\app\\\\functions\\\\node_modules\\\\firebase-functions\\\\lib\\\\index.js\"}"}}
[debug] [2020-10-08T14:30:22.489Z] [runtime-status] [21900] Checked functions.config() {"config":{}} {"metadata":{"emulator":{"name":"functions"},"message":"[runtime-status] [21900] Checked functions.config() {\"config\":{}}"}}
[debug] [2020-10-08T14:30:22.490Z] [runtime-status] [21900] firebase-functions has been stubbed. {"functionsResolution":{"declared":true,"installed":true,"version":"3.11.0","resolution":"C:\\Users\\allan\\Documents\\Github\\akatale\\app\\functions\\node_modules\\firebase-functions\\lib\\index.js"}} {"metadata":{"emulator":{"name":"functions"},"message":"[runtime-status] [21900] firebase-functions has been stubbed. {\"functionsResolution\":{\"declared\":true,\"installed\":true,\"version\":\"3.11.0\",\"resolution\":\"C:\\\\Users\\\\allan\\\\Documents\\\\Github\\\\akatale\\\\app\\\\functions\\\\node_modules\\\\firebase-functions\\\\lib\\\\index.js\"}}"}}
[debug] [2020-10-08T14:30:22.490Z] [runtime-status] [21900] Resolved module firebase-functions {"declared":true,"installed":true,"version":"3.11.0","resolution":"C:\\Users\\allan\\Documents\\Github\\akatale\\app\\functions\\node_modules\\firebase-functions\\lib\\index.js"} {"metadata":{"emulator":{"name":"functions"},"message":"[runtime-status] [21900] Resolved module firebase-functions {\"declared\":true,\"installed\":true,\"version\":\"3.11.0\",\"resolution\":\"C:\\\\Users\\\\allan\\\\Documents\\\\Github\\\\akatale\\\\app\\\\functions\\\\node_modules\\\\firebase-functions\\\\lib\\\\index.js\"}"}}
[debug] [2020-10-08T14:30:22.491Z] [runtime-status] [21900] Resolved module firebase-admin {"declared":true,"installed":true,"version":"8.13.0","resolution":"C:\\Users\\allan\\Documents\\Github\\akatale\\app\\functions\\node_modules\\firebase-admin\\lib\\index.js"} {"metadata":{"emulator":{"name":"functions"},"message":"[runtime-status] [21900] Resolved module firebase-admin {\"declared\":true,\"installed\":true,\"version\":\"8.13.0\",\"resolution\":\"C:\\\\Users\\\\allan\\\\Documents\\\\Github\\\\akatale\\\\app\\\\functions\\\\node_modules\\\\firebase-admin\\\\lib\\\\index.js\"}"}}
[debug] [2020-10-08T14:30:22.492Z] [runtime-status] [21900] Resolved module firebase-functions {"declared":true,"installed":true,"version":"3.11.0","resolution":"C:\\Users\\allan\\Documents\\Github\\akatale\\app\\functions\\node_modules\\firebase-functions\\lib\\index.js"} {"metadata":{"emulator":{"name":"functions"},"message":"[runtime-status] [21900] Resolved module firebase-functions {\"declared\":true,\"installed\":true,\"version\":\"3.11.0\",\"resolution\":\"C:\\\\Users\\\\allan\\\\Documents\\\\Github\\\\akatale\\\\app\\\\functions\\\\node_modules\\\\firebase-functions\\\\lib\\\\index.js\"}"}}
[debug] [2020-10-08T14:30:22.492Z] [runtime-status] [21900] firebase-admin has been stubbed. {"adminResolution":{"declared":true,"installed":true,"version":"8.13.0","resolution":"C:\\Users\\allan\\Documents\\Github\\akatale\\app\\functions\\node_modules\\firebase-admin\\lib\\index.js"}} {"metadata":{"emulator":{"name":"functions"},"message":"[runtime-status] [21900] firebase-admin has been stubbed. {\"adminResolution\":{\"declared\":true,\"installed\":true,\"version\":\"8.13.0\",\"resolution\":\"C:\\\\Users\\\\allan\\\\Documents\\\\Github\\\\akatale\\\\app\\\\functions\\\\node_modules\\\\firebase-admin\\\\lib\\\\index.js\"}}"}}
[info] +  functions[api]: http function initialized (http://localhost:5001/akatale-2692f/us-central1/api). {"metadata":{"emulator":{"name":"functions"},"message":"\u001b[1mhttp\u001b[22m function initialized (http://localhost:5001/akatale-2692f/us-central1/api)."}}
[info] 
┌───────────────────────────────────────────────────────────────────────┐
│ ✔  All emulators ready! View status and logs at http://localhost:4000 │
└───────────────────────────────────────────────────────────────────────┘

┌───────────┬────────────────┬─────────────────────────────────┐
│ Emulator  │ Host:Port      │ View in Emulator UI             │
├───────────┼────────────────┼─────────────────────────────────┤
│ Functions │ localhost:5001 │ http://localhost:4000/functions │
├───────────┼────────────────┼─────────────────────────────────┤
│ Hosting   │ localhost:5000 │ n/a                             │
└───────────┴────────────────┴─────────────────────────────────┘
  Other reserved ports: 4400, 4500

Issues? Report them at https://github.com/firebase/firebase-tools/issues and attach the *-debug.log files.
 
[debug] [2020-10-08T14:30:22.695Z] [worker-~diagnostic~-f63f77dd-2351-4ddf-b502-e9b68adde28d]: IDLE {"metadata":{"emulator":{"name":"functions"},"message":"[worker-~diagnostic~-f63f77dd-2351-4ddf-b502-e9b68adde28d]: IDLE"}}
[debug] [2020-10-08T14:31:56.645Z] [work-queue] {"queueLength":1,"workRunningCount":0}
[debug] [2020-10-08T14:31:56.645Z] [work-queue] {"queueLength":0,"workRunningCount":1}
[debug] [2020-10-08T14:31:56.646Z] Accepted request GET /akatale-2692f/us-central1/api --> api
[debug] [2020-10-08T14:31:56.658Z] [worker-pool] addWorker(api) {"metadata":{"emulator":{"name":"functions"},"message":"[worker-pool] addWorker(api)"}}
[debug] [2020-10-08T14:31:56.659Z] [worker-pool] Adding worker with key api, total=1 {"metadata":{"emulator":{"name":"functions"},"message":"[worker-pool] Adding worker with key api, total=1"}}
[debug] [2020-10-08T14:31:56.659Z] [worker-pool] submitWork(triggerId=api) {"metadata":{"emulator":{"name":"functions"},"message":"[worker-pool] submitWork(triggerId=api)"}}
[debug] [2020-10-08T14:31:56.659Z] [worker-api-2bd53eec-f09a-44c6-be1a-6f3e26730312]: Assigning socketPath: \\?\pipe\C:\Users\allan\Documents\Github\akatale\app\functions\28260 {"metadata":{"emulator":{"name":"functions"},"message":"[worker-api-2bd53eec-f09a-44c6-be1a-6f3e26730312]: Assigning socketPath: \\\\?\\pipe\\C:\\Users\\allan\\Documents\\Github\\akatale\\app\\functions\\28260"}}
[debug] [2020-10-08T14:31:56.659Z] [worker-api-2bd53eec-f09a-44c6-be1a-6f3e26730312]: BUSY {"metadata":{"emulator":{"name":"functions"},"message":"[worker-api-2bd53eec-f09a-44c6-be1a-6f3e26730312]: BUSY"}}
[debug] [2020-10-08T14:31:57.120Z] [runtime-status] [28260] Functions runtime initialized. {"cwd":"C:\\Users\\allan\\Documents\\Github\\akatale\\app\\functions","node_version":"12.13.1"} {"metadata":{"emulator":{"name":"functions"},"function":{"name":"api"},"message":"[runtime-status] [28260] Functions runtime initialized. {\"cwd\":\"C:\\\\Users\\\\allan\\\\Documents\\\\Github\\\\akatale\\\\app\\\\functions\",\"node_version\":\"12.13.1\"}"}}
[debug] [2020-10-08T14:31:57.121Z] [runtime-status] [28260] Disabled runtime features: undefined {"metadata":{"emulator":{"name":"functions"},"function":{"name":"api"},"message":"[runtime-status] [28260] Disabled runtime features: undefined"}}
[debug] [2020-10-08T14:31:57.124Z] [runtime-status] [28260] Resolved module firebase-admin {"declared":true,"installed":true,"version":"8.13.0","resolution":"C:\\Users\\allan\\Documents\\Github\\akatale\\app\\functions\\node_modules\\firebase-admin\\lib\\index.js"} {"metadata":{"emulator":{"name":"functions"},"function":{"name":"api"},"message":"[runtime-status] [28260] Resolved module firebase-admin {\"declared\":true,\"installed\":true,\"version\":\"8.13.0\",\"resolution\":\"C:\\\\Users\\\\allan\\\\Documents\\\\Github\\\\akatale\\\\app\\\\functions\\\\node_modules\\\\firebase-admin\\\\lib\\\\index.js\"}"}}
[debug] [2020-10-08T14:31:57.125Z] [runtime-status] [28260] Resolved module firebase-functions {"declared":true,"installed":true,"version":"3.11.0","resolution":"C:\\Users\\allan\\Documents\\Github\\akatale\\app\\functions\\node_modules\\firebase-functions\\lib\\index.js"} {"metadata":{"emulator":{"name":"functions"},"function":{"name":"api"},"message":"[runtime-status] [28260] Resolved module firebase-functions {\"declared\":true,\"installed\":true,\"version\":\"3.11.0\",\"resolution\":\"C:\\\\Users\\\\allan\\\\Documents\\\\Github\\\\akatale\\\\app\\\\functions\\\\node_modules\\\\firebase-functions\\\\lib\\\\index.js\"}"}}
[debug] [2020-10-08T14:31:57.126Z] [runtime-status] [28260] Resolved module firebase-functions {"declared":true,"installed":true,"version":"3.11.0","resolution":"C:\\Users\\allan\\Documents\\Github\\akatale\\app\\functions\\node_modules\\firebase-functions\\lib\\index.js"} {"metadata":{"emulator":{"name":"functions"},"function":{"name":"api"},"message":"[runtime-status] [28260] Resolved module firebase-functions {\"declared\":true,\"installed\":true,\"version\":\"3.11.0\",\"resolution\":\"C:\\\\Users\\\\allan\\\\Documents\\\\Github\\\\akatale\\\\app\\\\functions\\\\node_modules\\\\firebase-functions\\\\lib\\\\index.js\"}"}}
[debug] [2020-10-08T14:31:57.127Z] [runtime-status] [28260] Outgoing network have been stubbed. [{"name":"http","status":"mocked"},{"name":"http","status":"mocked"},{"name":"https","status":"mocked"},{"name":"https","status":"mocked"},{"name":"net","status":"mocked"}] {"metadata":{"emulator":{"name":"functions"},"function":{"name":"api"},"message":"[runtime-status] [28260] Outgoing network have been stubbed. [{\"name\":\"http\",\"status\":\"mocked\"},{\"name\":\"http\",\"status\":\"mocked\"},{\"name\":\"https\",\"status\":\"mocked\"},{\"name\":\"https\",\"status\":\"mocked\"},{\"name\":\"net\",\"status\":\"mocked\"}]"}}
[debug] [2020-10-08T14:31:57.128Z] [runtime-status] [28260] Resolved module firebase-functions {"declared":true,"installed":true,"version":"3.11.0","resolution":"C:\\Users\\allan\\Documents\\Github\\akatale\\app\\functions\\node_modules\\firebase-functions\\lib\\index.js"} {"metadata":{"emulator":{"name":"functions"},"function":{"name":"api"},"message":"[runtime-status] [28260] Resolved module firebase-functions {\"declared\":true,\"installed\":true,\"version\":\"3.11.0\",\"resolution\":\"C:\\\\Users\\\\allan\\\\Documents\\\\Github\\\\akatale\\\\app\\\\functions\\\\node_modules\\\\firebase-functions\\\\lib\\\\index.js\"}"}}
[debug] [2020-10-08T14:31:57.172Z] [runtime-status] [28260] Checked functions.config() {"config":{}} {"metadata":{"emulator":{"name":"functions"},"function":{"name":"api"},"message":"[runtime-status] [28260] Checked functions.config() {\"config\":{}}"}}
[debug] [2020-10-08T14:31:57.172Z] [runtime-status] [28260] firebase-functions has been stubbed. {"functionsResolution":{"declared":true,"installed":true,"version":"3.11.0","resolution":"C:\\Users\\allan\\Documents\\Github\\akatale\\app\\functions\\node_modules\\firebase-functions\\lib\\index.js"}} {"metadata":{"emulator":{"name":"functions"},"function":{"name":"api"},"message":"[runtime-status] [28260] firebase-functions has been stubbed. {\"functionsResolution\":{\"declared\":true,\"installed\":true,\"version\":\"3.11.0\",\"resolution\":\"C:\\\\Users\\\\allan\\\\Documents\\\\Github\\\\akatale\\\\app\\\\functions\\\\node_modules\\\\firebase-functions\\\\lib\\\\index.js\"}}"}}
[debug] [2020-10-08T14:31:57.172Z] [runtime-status] [28260] Resolved module firebase-functions {"declared":true,"installed":true,"version":"3.11.0","resolution":"C:\\Users\\allan\\Documents\\Github\\akatale\\app\\functions\\node_modules\\firebase-functions\\lib\\index.js"} {"metadata":{"emulator":{"name":"functions"},"function":{"name":"api"},"message":"[runtime-status] [28260] Resolved module firebase-functions {\"declared\":true,\"installed\":true,\"version\":\"3.11.0\",\"resolution\":\"C:\\\\Users\\\\allan\\\\Documents\\\\Github\\\\akatale\\\\app\\\\functions\\\\node_modules\\\\firebase-functions\\\\lib\\\\index.js\"}"}}
[debug] [2020-10-08T14:31:57.173Z] [runtime-status] [28260] Resolved module firebase-admin {"declared":true,"installed":true,"version":"8.13.0","resolution":"C:\\Users\\allan\\Documents\\Github\\akatale\\app\\functions\\node_modules\\firebase-admin\\lib\\index.js"} {"metadata":{"emulator":{"name":"functions"},"function":{"name":"api"},"message":"[runtime-status] [28260] Resolved module firebase-admin {\"declared\":true,\"installed\":true,\"version\":\"8.13.0\",\"resolution\":\"C:\\\\Users\\\\allan\\\\Documents\\\\Github\\\\akatale\\\\app\\\\functions\\\\node_modules\\\\firebase-admin\\\\lib\\\\index.js\"}"}}
[debug] [2020-10-08T14:31:57.174Z] [runtime-status] [28260] Resolved module firebase-functions {"declared":true,"installed":true,"version":"3.11.0","resolution":"C:\\Users\\allan\\Documents\\Github\\akatale\\app\\functions\\node_modules\\firebase-functions\\lib\\index.js"} {"metadata":{"emulator":{"name":"functions"},"function":{"name":"api"},"message":"[runtime-status] [28260] Resolved module firebase-functions {\"declared\":true,\"installed\":true,\"version\":\"3.11.0\",\"resolution\":\"C:\\\\Users\\\\allan\\\\Documents\\\\Github\\\\akatale\\\\app\\\\functions\\\\node_modules\\\\firebase-functions\\\\lib\\\\index.js\"}"}}
[debug] [2020-10-08T14:31:57.175Z] [runtime-status] [28260] firebase-admin has been stubbed. {"adminResolution":{"declared":true,"installed":true,"version":"8.13.0","resolution":"C:\\Users\\allan\\Documents\\Github\\akatale\\app\\functions\\node_modules\\firebase-admin\\lib\\index.js"}} {"metadata":{"emulator":{"name":"functions"},"function":{"name":"api"},"message":"[runtime-status] [28260] firebase-admin has been stubbed. {\"adminResolution\":{\"declared\":true,\"installed\":true,\"version\":\"8.13.0\",\"resolution\":\"C:\\\\Users\\\\allan\\\\Documents\\\\Github\\\\akatale\\\\app\\\\functions\\\\node_modules\\\\firebase-admin\\\\lib\\\\index.js\"}}"}}
[debug] [2020-10-08T14:31:57.345Z] [runtime-status] [28260] Trigger "api" has been found, beginning invocation! {"metadata":{"emulator":{"name":"functions"},"function":{"name":"api"},"message":"[runtime-status] [28260] Trigger \"api\" has been found, beginning invocation!"}}
[info] i  functions: Beginning execution of "api" {"metadata":{"emulator":{"name":"functions"},"function":{"name":"api"},"message":"Beginning execution of \"api\""}}
[debug] [2020-10-08T14:31:57.347Z] [runtime-status] [28260] triggerDefinition {"httpsTrigger":{},"name":"api","entryPoint":"api"} {"metadata":{"emulator":{"name":"functions"},"function":{"name":"api"},"message":"[runtime-status] [28260] triggerDefinition {\"httpsTrigger\":{},\"name\":\"api\",\"entryPoint\":\"api\"}"}}
[debug] [2020-10-08T14:31:57.347Z] [runtime-status] [28260] Running api in mode HTTPS {"metadata":{"emulator":{"name":"functions"},"function":{"name":"api"},"message":"[runtime-status] [28260] Running api in mode HTTPS"}}
[debug] [2020-10-08T14:31:57.352Z] [runtime-status] [28260] Attempting to listen to socketPath: \\?\pipe\C:\Users\allan\Documents\Github\akatale\app\functions\28260 {"metadata":{"emulator":{"name":"functions"},"function":{"name":"api"},"message":"[runtime-status] [28260] Attempting to listen to socketPath: \\\\?\\pipe\\C:\\Users\\allan\\Documents\\Github\\akatale\\app\\functions\\28260"}}
[debug] [2020-10-08T14:31:57.354Z] [functions] Runtime ready! Sending request! {"metadata":{"emulator":{"name":"functions"},"message":"[functions] Runtime ready! Sending request!"}}
[debug] [2020-10-08T14:31:57.361Z] [runtime-status] [28260] Ephemeral server handling GET request {"metadata":{"emulator":{"name":"functions"},"function":{"name":"api"},"message":"[runtime-status] [28260] Ephemeral server handling GET request"}}
[debug] [2020-10-08T14:31:57.368Z] [runtime-status] [28260] Ephemeral server survived. {"metadata":{"emulator":{"name":"functions"},"function":{"name":"api"},"message":"[runtime-status] [28260] Ephemeral server survived."}}
[info] i  functions: Finished "api" in ~1s {"metadata":{"emulator":{"name":"functions"},"function":{"name":"api"},"message":"Finished \"api\" in ~1s"}}
[debug] [2020-10-08T14:31:57.376Z] [worker-api-2bd53eec-f09a-44c6-be1a-6f3e26730312]: IDLE {"metadata":{"emulator":{"name":"functions"},"message":"[worker-api-2bd53eec-f09a-44c6-be1a-6f3e26730312]: IDLE"}}
[debug] [2020-10-08T14:31:57.376Z] [work-queue] {"queueLength":0,"workRunningCount":0}
[debug] [2020-10-08T14:31:57.479Z] Functions emulator received unknown request at path /favicon.ico
[debug] [2020-10-08T14:32:04.658Z] [work-queue] {"queueLength":1,"workRunningCount":0}
[debug] [2020-10-08T14:32:04.658Z] [work-queue] {"queueLength":0,"workRunningCount":1}
[debug] [2020-10-08T14:32:04.658Z] Accepted request GET /akatale-2692f/us-central1/api --> api
[debug] [2020-10-08T14:32:04.658Z] [worker-pool] submitWork(triggerId=api) {"metadata":{"emulator":{"name":"functions"},"message":"[worker-pool] submitWork(triggerId=api)"}}
[debug] [2020-10-08T14:32:04.658Z] [worker-api-2bd53eec-f09a-44c6-be1a-6f3e26730312]: Assigning socketPath: \\?\pipe\C:\Users\allan\Documents\Github\akatale\app\functions\28260 {"metadata":{"emulator":{"name":"functions"},"message":"[worker-api-2bd53eec-f09a-44c6-be1a-6f3e26730312]: Assigning socketPath: \\\\?\\pipe\\C:\\Users\\allan\\Documents\\Github\\akatale\\app\\functions\\28260"}}
[debug] [2020-10-08T14:32:04.659Z] [worker-api-2bd53eec-f09a-44c6-be1a-6f3e26730312]: BUSY {"metadata":{"emulator":{"name":"functions"},"message":"[worker-api-2bd53eec-f09a-44c6-be1a-6f3e26730312]: BUSY"}}
[debug] [2020-10-08T14:32:04.659Z] [runtime-status] [28260] Trigger "api" has been found, beginning invocation! {"metadata":{"emulator":{"name":"functions"},"function":{"name":"api"},"message":"[runtime-status] [28260] Trigger \"api\" has been found, beginning invocation!"}}
[info] i  functions: Beginning execution of "api" {"metadata":{"emulator":{"name":"functions"},"function":{"name":"api"},"message":"Beginning execution of \"api\""}}
[debug] [2020-10-08T14:32:04.660Z] [runtime-status] [28260] triggerDefinition {"httpsTrigger":{},"name":"api","entryPoint":"api"} {"metadata":{"emulator":{"name":"functions"},"function":{"name":"api"},"message":"[runtime-status] [28260] triggerDefinition {\"httpsTrigger\":{},\"name\":\"api\",\"entryPoint\":\"api\"}"}}
[debug] [2020-10-08T14:32:04.660Z] [runtime-status] [28260] Running api in mode HTTPS {"metadata":{"emulator":{"name":"functions"},"function":{"name":"api"},"message":"[runtime-status] [28260] Running api in mode HTTPS"}}
[debug] [2020-10-08T14:32:04.660Z] [runtime-status] [28260] Attempting to listen to socketPath: \\?\pipe\C:\Users\allan\Documents\Github\akatale\app\functions\28260 {"metadata":{"emulator":{"name":"functions"},"function":{"name":"api"},"message":"[runtime-status] [28260] Attempting to listen to socketPath: \\\\?\\pipe\\C:\\Users\\allan\\Documents\\Github\\akatale\\app\\functions\\28260"}}
[debug] [2020-10-08T14:32:04.661Z] [functions] Runtime ready! Sending request! {"metadata":{"emulator":{"name":"functions"},"message":"[functions] Runtime ready! Sending request!"}}
[debug] [2020-10-08T14:32:04.663Z] [runtime-status] [28260] Ephemeral server handling GET request {"metadata":{"emulator":{"name":"functions"},"function":{"name":"api"},"message":"[runtime-status] [28260] Ephemeral server handling GET request"}}
[debug] [2020-10-08T14:32:04.663Z] [runtime-status] [28260] Ephemeral server survived. {"metadata":{"emulator":{"name":"functions"},"function":{"name":"api"},"message":"[runtime-status] [28260] Ephemeral server survived."}}
[info] i  functions: Finished "api" in ~1s {"metadata":{"emulator":{"name":"functions"},"function":{"name":"api"},"message":"Finished \"api\" in ~1s"}}
[debug] [2020-10-08T14:32:04.665Z] [worker-api-2bd53eec-f09a-44c6-be1a-6f3e26730312]: IDLE {"metadata":{"emulator":{"name":"functions"},"message":"[worker-api-2bd53eec-f09a-44c6-be1a-6f3e26730312]: IDLE"}}
[debug] [2020-10-08T14:32:04.665Z] [work-queue] {"queueLength":0,"workRunningCount":0}
